This is pdfTeXk, Version 3.141592-1.40.3 (Web2C 7.5.6) (format=pdflatex 2015.10.20)  28 APR 2016 17:08
entering extended mode
 %&-line parsing enabled.
**\nonstopmode\input Technical_report_2016_April.tex
(./Technical_report_2016_April.tex (/usr/share/texmf/tex/latex/base/article.cls
Document Class: article 2005/09/16 v1.4f Standard LaTeX document class
(/usr/share/texmf/tex/latex/base/size10.clo
File: size10.clo 2005/09/16 v1.4f Standard LaTeX file (size option)
)
\c@part=\count79
\c@section=\count80
\c@subsection=\count81
\c@subsubsection=\count82
\c@paragraph=\count83
\c@subparagraph=\count84
\c@figure=\count85
\c@table=\count86
\abovecaptionskip=\skip41
\belowcaptionskip=\skip42
\bibindent=\dimen102
)
(/usr/share/texmf/tex/latex/graphics/graphicx.sty
Package: graphicx 1999/02/16 v1.0f Enhanced LaTeX Graphics (DPC,SPQR)

(/usr/share/texmf/tex/latex/graphics/keyval.sty
Package: keyval 1999/03/16 v1.13 key=value parser (DPC)
\KV@toks@=\toks14
)
(/usr/share/texmf/tex/latex/graphics/graphics.sty
Package: graphics 2006/02/20 v1.0o Standard LaTeX Graphics (DPC,SPQR)

(/usr/share/texmf/tex/latex/graphics/trig.sty
Package: trig 1999/03/16 v1.09 sin cos tan (DPC)
)
(/usr/share/texmf/tex/latex/config/graphics.cfg
File: graphics.cfg 2007/01/18 v1.5 graphics configuration of teTeX/TeXLive
)
Package graphics Info: Driver file: pdftex.def on input line 90.

(/usr/share/texmf/tex/latex/pdftex-def/pdftex.def
File: pdftex.def 2007/01/08 v0.04d Graphics/color for pdfTeX
\Gread@gobject=\count87
))
\Gin@req@height=\dimen103
\Gin@req@width=\dimen104
)
(/usr/share/texmf/tex/latex/amsmath/amsmath.sty
Package: amsmath 2000/07/18 v2.13 AMS math features
\@mathmargin=\skip43

For additional information on amsmath, use the `?' option.
(/usr/share/texmf/tex/latex/amsmath/amstext.sty
Package: amstext 2000/06/29 v2.01

(/usr/share/texmf/tex/latex/amsmath/amsgen.sty
File: amsgen.sty 1999/11/30 v2.0
\@emptytoks=\toks15
\ex@=\dimen105
))
(/usr/share/texmf/tex/latex/amsmath/amsbsy.sty
Package: amsbsy 1999/11/29 v1.2d
\pmbraise@=\dimen106
)
(/usr/share/texmf/tex/latex/amsmath/amsopn.sty
Package: amsopn 1999/12/14 v2.01 operator names
)
\inf@bad=\count88
LaTeX Info: Redefining \frac on input line 211.
\uproot@=\count89
\leftroot@=\count90
LaTeX Info: Redefining \overline on input line 307.
\classnum@=\count91
\DOTSCASE@=\count92
LaTeX Info: Redefining \ldots on input line 379.
LaTeX Info: Redefining \dots on input line 382.
LaTeX Info: Redefining \cdots on input line 467.
\Mathstrutbox@=\box26
\strutbox@=\box27
\big@size=\dimen107
LaTeX Font Info:    Redeclaring font encoding OML on input line 567.
LaTeX Font Info:    Redeclaring font encoding OMS on input line 568.
\macc@depth=\count93
\c@MaxMatrixCols=\count94
\dotsspace@=\muskip10
\c@parentequation=\count95
\dspbrk@lvl=\count96
\tag@help=\toks16
\row@=\count97
\column@=\count98
\maxfields@=\count99
\andhelp@=\toks17
\eqnshift@=\dimen108
\alignsep@=\dimen109
\tagshift@=\dimen110
\tagwidth@=\dimen111
\totwidth@=\dimen112
\lineht@=\dimen113
\@envbody=\toks18
\multlinegap=\skip44
\multlinetaggap=\skip45
\mathdisplay@stack=\toks19
LaTeX Info: Redefining \[ on input line 2666.
LaTeX Info: Redefining \] on input line 2667.
)
(./Technical_report_2016_April.aux)
\openout1 = `Technical_report_2016_April.aux'.

LaTeX Font Info:    Checking defaults for OML/cmm/m/it on input line 10.
LaTeX Font Info:    ... okay on input line 10.
LaTeX Font Info:    Checking defaults for T1/cmr/m/n on input line 10.
LaTeX Font Info:    ... okay on input line 10.
LaTeX Font Info:    Checking defaults for OT1/cmr/m/n on input line 10.
LaTeX Font Info:    ... okay on input line 10.
LaTeX Font Info:    Checking defaults for OMS/cmsy/m/n on input line 10.
LaTeX Font Info:    ... okay on input line 10.
LaTeX Font Info:    Checking defaults for OMX/cmex/m/n on input line 10.
LaTeX Font Info:    ... okay on input line 10.
LaTeX Font Info:    Checking defaults for U/cmr/m/n on input line 10.
LaTeX Font Info:    ... okay on input line 10.
 (./Technical_report_2016_April.toc)
\tf@toc=\write3
\openout3 = `Technical_report_2016_April.toc'.


[1

{/var/lib/texmf/fonts/map/pdftex/updmap/pdftex.map}]
<trigger.png, id=10, 444.91219pt x 301.125pt>
File: trigger.png Graphic file (type png)
 <use trigger.png>
! You can't use `macro parameter character #' in horizontal mode.
l.44 ...TION LEMO TO ECL), which goes to entry TS#
                                                  1 of Fastbus; the other ou...
Sorry, but I'm not programmed to handle this case;
I'll just pretend that you didn't ask for it.
If you're in the wrong mode, you might be able to
return to the right one by typing `I}' or `I$' or `I\par'.

[2]
LaTeX Font Info:    Try loading font information for OMS+cmr on input line 57.
 (/usr/share/texmf/tex/latex/base/omscmr.fd
File: omscmr.fd 1999/05/25 v2.5h Standard LaTeX font definitions
)
LaTeX Font Info:    Font shape `OMS/cmr/m/n' in size <10> not available
(Font)              Font shape `OMS/cmsy/m/n' tried instead on input line 57.
 [3 <./trigger.png (PNG copy)>]
<horizontal.png, id=19, 233.37187pt x 153.57375pt>
File: horizontal.png Graphic file (type png)
 <use horizontal.png>
<vertical.png, id=20, 233.37187pt x 153.57375pt>
File: vertical.png Graphic file (type png)
 <use vertical.png>
! Extra }, or forgotten \endgroup.
\@endfloatbox ...pagefalse \outer@nobreak \egroup 
                                                  \color@endbox 
l.87 \end{figure}
                 
I've deleted a group-closing symbol because it seems to be
spurious, as in `$x}$'. But perhaps the } is legitimate and
you forgot something else, as in `\hbox{$x}'. In such cases
the way to recover is to insert both the forgotten and the
deleted material, e.g., by typing `I$}'.

<run_549_horizontal_cut20_55.pdf, id=21, 569.12625pt x 387.4475pt>
File: run_549_horizontal_cut20_55.pdf Graphic file (type pdf)

<use run_549_horizontal_cut20_55.pdf>
<run_549_peak_55.pdf, id=22, 569.12625pt x 387.4475pt>
File: run_549_peak_55.pdf Graphic file (type pdf)

<use run_549_peak_55.pdf>
<run_549_eta_55.pdf, id=23, 569.12625pt x 387.4475pt>
File: run_549_eta_55.pdf Graphic file (type pdf)
 <use run_549_eta_55.pdf>
<run_549_adc_55.pdf, id=24, 569.12625pt x 387.4475pt>
File: run_549_adc_55.pdf Graphic file (type pdf)
 <use run_549_adc_55.pdf>
<run_563_peaks_slot_0_chans_0_15_lt_5_gt_100.png, id=25, 849.1725pt x 827.09pt>
File: run_563_peaks_slot_0_chans_0_15_lt_5_gt_100.png Graphic file (type png)
<use run_563_peaks_slot_0_chans_0_15_lt_5_gt_100.png>
<run_536_peaks_slot_0_chans_0_15_lt_5_gt_100.png, id=26, 849.1725pt x 827.09pt>
File: run_536_peaks_slot_0_chans_0_15_lt_5_gt_100.png Graphic file (type png)
<use run_536_peaks_slot_0_chans_0_15_lt_5_gt_100.png>
<walk_stage1.pdf, id=27, 569.12625pt x 387.4475pt>
File: walk_stage1.pdf Graphic file (type pdf)
 <use walk_stage1.pdf>
<walk_stage2.pdf, id=28, 569.12625pt x 387.4475pt>
File: walk_stage2.pdf Graphic file (type pdf)
 <use walk_stage2.pdf>
<walk_stage3.pdf, id=29, 569.12625pt x 387.4475pt>
File: walk_stage3.pdf Graphic file (type pdf)
 <use walk_stage3.pdf>
<walk_stage4.pdf, id=30, 569.12625pt x 387.4475pt>
File: walk_stage4.pdf Graphic file (type pdf)
 <use walk_stage4.pdf>
<walk_stage5.pdf, id=31, 569.12625pt x 387.4475pt>
File: walk_stage5.pdf Graphic file (type pdf)
 <use walk_stage5.pdf>
<walk_stage6.pdf, id=32, 569.12625pt x 387.4475pt>
File: walk_stage6.pdf Graphic file (type pdf)
 <use walk_stage6.pdf>
[4 <./horizontal.png (PNG copy)> <./vertical.png (PNG copy)>] [5 <./run_549_hor
izontal_cut20_55.pdf, page is rotated 90 degrees>] [6 <./run_549_peak_55.pdf, p
age is rotated 90 degrees>] [7 <./run_549_eta_55.pdf, page is rotated 90 degree
s> <./run_549_adc_55.pdf, page is rotated 90 degrees>] [8 <./run_563_peaks_slot
_0_chans_0_15_lt_5_gt_100.png (PNG copy)>] [9 <./run_536_peaks_slot_0_chans_0_1
5_lt_5_gt_100.png (PNG copy)>]
<walk_NINO_1_9_PMT_700.pdf, id=228, 569.12625pt x 387.4475pt>
File: walk_NINO_1_9_PMT_700.pdf Graphic file (type pdf)

<use walk_NINO_1_9_PMT_700.pdf>
<walk_NINO_1_4_PMT_700.pdf, id=229, 569.12625pt x 387.4475pt>
File: walk_NINO_1_4_PMT_700.pdf Graphic file (type pdf)

<use walk_NINO_1_4_PMT_700.pdf>
<run_563_tdc_vs_adc_chan_14.pdf, id=230, 569.12625pt x 387.4475pt>
File: run_563_tdc_vs_adc_chan_14.pdf Graphic file (type pdf)

<use run_563_tdc_vs_adc_chan_14.pdf>
<run_536_tdc_vs_adc_chan_14.pdf, id=231, 569.12625pt x 387.4475pt>
File: run_536_tdc_vs_adc_chan_14.pdf Graphic file (type pdf)

<use run_536_tdc_vs_adc_chan_14.pdf>
Overfull \hbox (11.99689pt too wide) in paragraph at lines 345--345
[]\OT1/cmtt/m/n/10 You may notice that most of the plot functions names may or 
may have[] 
 []


Overfull \hbox (69.74638pt too wide) in paragraph at lines 345--345
[]\OT1/cmtt/m/n/10 // reads root file corresponding to run runno, extracts the 
tree with raw data,[] 
 []


Overfull \hbox (38.24666pt too wide) in paragraph at lines 345--345
[]\OT1/cmtt/m/n/10 // define shortcuts for slot 0 AT THE MOMENT, ONLY SLOT 0 CH
ANS 0-47 HAVE[] 
 []


Overfull \hbox (69.74638pt too wide) in paragraph at lines 345--345
[]\OT1/cmtt/m/n/10 // Note: in the general function section I added functions t
o convert slots and[] 
 []


Overfull \hbox (80.24629pt too wide) in paragraph at lines 345--345
[]\OT1/cmtt/m/n/10 // chans ADC from/to TDC. They are used in the plot_* routin
es, but I am not sure[] 
 []

[10] [11 <./walk_stage1.pdf, page is rotated 90 degrees> <./walk_stage2.pdf, pa
ge is rotated 90 degrees> <./walk_stage3.pdf, page is rotated 90 degrees> <./wa
lk_stage4.pdf, page is rotated 90 degrees> <./walk_stage5.pdf, page is rotated 
90 degrees> <./walk_stage6.pdf, page is rotated 90 degrees>] [12 <./walk_NINO_1
_9_PMT_700.pdf, page is rotated 90 degrees> <./walk_NINO_1_4_PMT_700.pdf, page 
is rotated 90 degrees>] [13 <./run_563_tdc_vs_adc_chan_14.pdf, page is rotated 
90 degrees> <./run_536_tdc_vs_adc_chan_14.pdf, page is rotated 90 degrees>]
Overfull \hbox (195.74529pt too wide) in paragraph at lines 345--345
[]\OT1/cmtt/m/n/10 plot_eta1( adc_slot, adc_chan, tdc_cut, tdc_slot = -1, tdc_c
han = -1, Ath_suggested=75, Aw_suggested=7)[] 
 []


Overfull \hbox (17.24684pt too wide) in paragraph at lines 345--345
[]\OT1/cmtt/m/n/10 // plot eta (calculated from histos) and its fit for a given
 slot and[] 
 []


Overfull \hbox (22.4968pt too wide) in paragraph at lines 345--345
[]\OT1/cmtt/m/n/10 // The fit results are stored in global arrays Athresholds a
nd Awidths[] 
 []


Overfull \hbox (74.99634pt too wide) in paragraph at lines 345--345
[]\OT1/cmtt/m/n/10 plot_eta( adc_slot, adc_chan_start, tdc_cut, tdc_slot = -1, 
tdc_chan_start = -1)[] 
 []


Overfull \hbox (11.99689pt too wide) in paragraph at lines 345--345
[]\OT1/cmtt/m/n/10 // plot 16 eta (calculated from histos) and its fit for a gi
ven slot[] 
 []


Overfull \hbox (64.49643pt too wide) in paragraph at lines 345--345
[]\OT1/cmtt/m/n/10 // and from a channel. The fit results are stored in global 
arrays Athresholds[] 
 []


Overfull \hbox (74.99634pt too wide) in paragraph at lines 345--345
[]\OT1/cmtt/m/n/10 plot_tdc( tdc_slot, tdc_chan_start, adc_cut, adc_slot = -1, 
adc_chan_start = -1)[] 
 []


Overfull \hbox (11.99689pt too wide) in paragraph at lines 345--345
[]\OT1/cmtt/m/n/10 // plot canvas divided in 4x4 TDC plots of 16 channels start
ing from[] 
 []


Overfull \hbox (17.24684pt too wide) in paragraph at lines 345--345
[]\OT1/cmtt/m/n/10 // adc_chan_start, of given slot. TDC is plotted with and wi
thout the[] 
 []


Overfull \hbox (17.24684pt too wide) in paragraph at lines 345--345
[]\OT1/cmtt/m/n/10 // different value than -1 to adc_chan_start, that value wil
l be used[] 
 []


Overfull \hbox (69.74638pt too wide) in paragraph at lines 345--345
[]\OT1/cmtt/m/n/10 plot_adc( adc_slot, adc_chan_start, tdc_cut, tdc_slot = -1, 
tdc_chan_start = -1[] 
 []


Overfull \hbox (11.99689pt too wide) in paragraph at lines 345--345
[]\OT1/cmtt/m/n/10 // plot canvas divided in 4x4 ADC plots of 16 channels start
ing from[] 
 []


Overfull \hbox (17.24684pt too wide) in paragraph at lines 345--345
[]\OT1/cmtt/m/n/10 // adc_chan_start, of given slot. ADC is plotted with and wi
thout the[] 
 []


Overfull \hbox (64.49643pt too wide) in paragraph at lines 345--345
[]\OT1/cmtt/m/n/10 plot_tdc_vs_adc(adc_slot, adc_chan_start, tdc_slot = -1, tdc
_chan_start = -1){[] 
 []


Overfull \hbox (22.4968pt too wide) in paragraph at lines 345--345
[]\OT1/cmtt/m/n/10 // For interactive use: plot canvas divided in 4x4 TDC vs AD
C plots of[] 
 []


Overfull \hbox (11.99689pt too wide) in paragraph at lines 345--345
[]\OT1/cmtt/m/n/10 // 16 channels starting from adc_chan_start, of given slot. 
No cuts.[] 
 []


Overfull \hbox (22.4968pt too wide) in paragraph at lines 345--345
[]\OT1/cmtt/m/n/10 // By default, tdc starting chan is calculated from adc star
ting chan;[] 
 []


Overfull \hbox (11.99689pt too wide) in paragraph at lines 345--345
[]\OT1/cmtt/m/n/10 // if passed a different value than -1 to tdc_chan_start, th
at value[] 
 []


Overfull \hbox (17.24684pt too wide) in paragraph at lines 345--345
[]\OT1/cmtt/m/n/10 // plots the peak for vertical tracks for given slot/channel
 imposing[] 
 []


Overfull \hbox (22.4968pt too wide) in paragraph at lines 345--345
[]\OT1/cmtt/m/n/10 // plots the peak for vertical tracks for 16 chans starting 
from given[] 
 []


Overfull \hbox (22.4968pt too wide) in paragraph at lines 345--345
[]\OT1/cmtt/m/n/10 // slot/channel imposing the adjacent channels have counts <
 value_lt,[] 
 []


Overfull \hbox (53.99652pt too wide) in paragraph at lines 345--345
[]\OT1/cmtt/m/n/10 // and the chosen channel at least value_gt counts. Fills th
e global vectors[] 
 []

[14]
Overfull \hbox (468.7429pt too wide) in paragraph at lines 345--345
[]\OT1/cmtt/m/n/10 plot_walk1(int adc_slot, int adc_chan, int tdc_slot=-1, int 
tdc_chan=-1, int adc_min=0, int adc_max=600, int deltat_min=0, int deltat_max=1
20, int stage=6)[] 
 []


Overfull \hbox (17.24684pt too wide) in paragraph at lines 345--345
[]\OT1/cmtt/m/n/10 // plots the walk correction of given adc(tdc) slot, channel
, for adc[] 
 []


Overfull \hbox (22.4968pt too wide) in paragraph at lines 345--345
[]\OT1/cmtt/m/n/10 // The stage flag may be used to see various steps of the ca
lculation:[] 
 []


Overfull \hbox (22.4968pt too wide) in paragraph at lines 345--345
[]\OT1/cmtt/m/n/10 // calculate the noise frequency (in Hz) for given tdc slot,
 chan, cut[] 
 []


Overfull \hbox (206.2452pt too wide) in paragraph at lines 345--345
[]\OT1/cmtt/m/n/10 fit_eta_in_slot( adc_slot=0, adc_chan_min=0, adc_chan_max=63
, tdc_cut=1200, tdc_slot = -1, tdc_chan = -1)[] 
 []

[15]
Overfull \hbox (6.74693pt too wide) in paragraph at lines 345--345
[]\OT1/cmtt/m/n/10 // adjacent channels have counts < value_lt, and the chosen 
channel[] 
 []


Overfull \hbox (22.4968pt too wide) in paragraph at lines 345--345
[]\OT1/cmtt/m/n/10 // find the position of the peak for a given slot/channel im
posing the[] 
 []


Overfull \hbox (6.74693pt too wide) in paragraph at lines 345--345
[]\OT1/cmtt/m/n/10 // adjacent channels have counts < value_lt, and the chosen 
channel[] 
 []


Overfull \hbox (32.9967pt too wide) in paragraph at lines 345--345
[]\OT1/cmtt/m/n/10 // save results (retrieved from global arrays, see "format" 
variable for[] 
 []


Overfull \hbox (11.99689pt too wide) in paragraph at lines 345--345
[]\OT1/cmtt/m/n/10 // details) on a file named after run number, NINO threshold
 and PMT[] 
 []

[16] (./Technical_report_2016_April.aux) ) 
Here is how much of TeX's memory you used:
 1321 strings out of 256214
 16611 string characters out of 1916999
 69303 words of memory out of 1500000
 4614 multiletter control sequences out of 10000+200000
 9191 words of font info for 34 fonts, out of 1200000 for 2000
 645 hyphenation exceptions out of 8191
 27i,6n,20p,649b,252s stack positions out of 5000i,500n,6000p,200000b,15000s
</usr/share/texmf/fonts/type1/bluesky
/cm/cmbx10.pfb></usr/share/texmf/fonts/type1/bluesky/cm/cmbx12.pfb></usr/share/
texmf/fonts/type1/bluesky/cm/cmmi10.pfb></usr/share/texmf/fonts/type1/bluesky/c
m/cmr10.pfb></usr/share/texmf/fonts/type1/bluesky/cm/cmr12.pfb></usr/share/texm
f/fonts/type1/bluesky/cm/cmr17.pfb></usr/share/texmf/fonts/type1/bluesky/cm/cms
y10.pfb></usr/share/texmf/fonts/type1/bluesky/cm/cmtt10.pfb>
Output written on Technical_report_2016_April.pdf (16 pages, 1174127 bytes).
PDF statistics:
 721 PDF objects out of 1000 (max. 8388607)
 0 named destinations out of 1000 (max. 131072)
 96 words of extra memory for PDF output out of 10000 (max. 10000000)

